---------- Date: 2017-04-07 19:15:54 ~ IP : 188.163.0.77 ----------
REQUEST URI : /vhodnie-dveri/
MOD DETAILS:
   modFile   : /home/dveri/public_html/vqmod/xml/mega_filter.xml
   id        : Mega Filter PRO
   version   : 1.5.x
   vqmver    : 2.4.0
   author    : marsilea15@gmail.com

File Name    : catalog/view/theme/*/template/common/header.tpl(0)
VQModObject::applyMod - SEARCH NOT FOUND (ABORTING MOD): catalog/view/javascript/bootstrap/js/bootstrap.min.js
----------------------------------------------------------------------


---------- Date: 2017-04-07 19:26:25 ~ IP : 87.76.240.191 ----------
REQUEST URI : /index.php?route=product/search&search=%D0%A0%D0%B0%D0%B7%D0%B4%D0%B2%D0%B8%D0%B6%D0%BD%D1%8B%D0%B5%20%D0%B4%D0%B2%D0%B5%D1%80%D0%B8%20%D1%80%D1%83%D1%87%D0%BA%D0%B8
MOD DETAILS:
   modFile   : /home/dveri/public_html/vqmod/xml/mega_filter.xml
   id        : Mega Filter PRO
   version   : 1.5.x
   vqmver    : 2.4.0
   author    : marsilea15@gmail.com

File Name    : catalog/view/theme/*/template/product/search.tpl(0)
VQModObject::applyMod - SEARCH NOT FOUND (ABORTING MOD): echo $header; ?>
----------------------------------------------------------------------


---------- Date: 2017-04-07 20:03:46 ~ IP : 176.36.119.131 ----------
REQUEST URI : /dveri-belorussii.html
MOD DETAILS:
   modFile   : /home/dveri/public_html/vqmod/xml/mega_filter.xml
   id        : Mega Filter PRO
   version   : 1.5.x
   vqmver    : 2.4.0
   author    : marsilea15@gmail.com

File Name    : catalog/view/theme/*/template/product/manufacturer_info.tpl(0)
VQModObject::applyMod - SEARCH NOT FOUND (ABORTING MOD): echo $header; ?>
----------------------------------------------------------------------


